-------------------------------------------------------------------------------
Test set: com.esotericsoftware.kryo.SerializationTest
-------------------------------------------------------------------------------
Tests run: 1, Failures: 0, Errors: 1, Skipped: 0, Time elapsed: 0.005 s <<< FAILURE! -- in com.esotericsoftware.kryo.SerializationTest
com.esotericsoftware.kryo.SerializationTest.testLambda -- Time elapsed: 0.004 s <<< ERROR!
com.esotericsoftware.kryo.KryoException: 
Error reading arity at position 109
Serialization trace:
p (com.esotericsoftware.kryo.SerializationTest$Example)
	at com.esotericsoftware.kryo.serializers.FieldSerializer.read(FieldSerializer.java:134)
	at com.esotericsoftware.kryo.Kryo.readObject(Kryo.java:799)
	at com.esotericsoftware.kryo.serializers.ReflectField.read(ReflectField.java:124)
	at com.esotericsoftware.kryo.serializers.FieldSerializer.read(FieldSerializer.java:130)
	at com.esotericsoftware.kryo.Kryo.readClassAndObject(Kryo.java:880)
	at com.esotericsoftware.kryo.SerializationTest.testLambda(SerializationTest.kt:26)
	at java.base/java.lang.reflect.Method.invoke(Method.java:580)
	at java.base/java.util.ArrayList.forEach(ArrayList.java:1597)
	at java.base/java.util.ArrayList.forEach(ArrayList.java:1597)
Caused by: java.lang.UnsupportedOperationException: set
	at com.esotericsoftware.kryo.serializers.UnsafeField$IntUnsafeField.read(UnsafeField.java:93)
	at com.esotericsoftware.kryo.serializers.FieldSerializer.read(FieldSerializer.java:130)
	... 8 more

